<?xml version="1.0" encoding="UTF-8"?>
<!-- Generated by org.testng.reporters.JUnitReportReporter -->
<testsuite hostname="EPHUBUDW0557" name="CucumberExampleTestNG.CucumberExampleTestNG.CucumberTests" tests="1" failures="0" timestamp="10 May 2016 13:44:18 GMT" time="20.249" errors="0">
  <testcase name="run_cukes" time="20.249" classname="CucumberExampleTestNG.CucumberExampleTestNG.CucumberTests"/>
</testsuite> <!-- CucumberExampleTestNG.CucumberExampleTestNG.CucumberTests -->
