<?xml version="1.0" encoding="UTF-8"?>
<!-- Generated by org.testng.reporters.JUnitReportReporter -->
<testsuite hostname="EPHUBUDW0557" name="CucumberExampleTestNG.CucumberExampleTestNG.CucumberTets" tests="1" failures="0" timestamp="4 May 2016 13:45:06 GMT" time="20.517" errors="0">
  <testcase name="run_cukes" time="20.517" classname="CucumberExampleTestNG.CucumberExampleTestNG.CucumberTets"/>
</testsuite> <!-- CucumberExampleTestNG.CucumberExampleTestNG.CucumberTets -->
