<?xml version="1.0" encoding="UTF-8"?>
<!-- Generated by org.testng.reporters.JUnitReportReporter -->
<testsuite hostname="EPHUBUDW2231" name="teamfit1.teamfit1.AppTest2" tests="1" failures="0" timestamp="8 Aug 2016 11:20:07 GMT" time="1.033" errors="0">
  <testcase name="examplesRestAssured4" time="1.033" classname="teamfit1.teamfit1.AppTest2"/>
</testsuite> <!-- teamfit1.teamfit1.AppTest2 -->
