<?xml version="1.0" encoding="UTF-8"?>
<!-- Generated by org.testng.reporters.JUnitReportReporter -->
<testsuite hostname="EPHUBUDW2231" name="exercise.exercise.AppTest" tests="2" failures="0" timestamp="12 Jan 2017 07:12:44 GMT" time="1.849" errors="0">
  <testcase name="testTwo" time="0.680" classname="exercise.exercise.AppTest"/>
  <testcase name="testOne" time="1.169" classname="exercise.exercise.AppTest"/>
</testsuite> <!-- exercise.exercise.AppTest -->
