<?xml version="1.0" encoding="UTF-8"?>
<!-- Generated by org.testng.reporters.JUnitReportReporter -->
<testsuite hostname="EPHUBUDW0557" name="com.epam.training.selenium.ex_3a.TestNGClass" tests="3" failures="0" timestamp="5 May 2016 12:36:35 GMT" time="6.838" errors="0">
  <testcase name="calculatepercent" time="1.753" classname="com.epam.training.selenium.ex_3a.TestNGClass"/>
  <testcase name="calculatepercent" time="2.146" classname="com.epam.training.selenium.ex_3a.TestNGClass"/>
  <testcase name="calculatepercent" time="2.939" classname="com.epam.training.selenium.ex_3a.TestNGClass"/>
</testsuite> <!-- com.epam.training.selenium.ex_3a.TestNGClass -->
