<?xml version="1.0" encoding="UTF-8"?>
<!-- Generated by org.testng.reporters.JUnitReportReporter -->
<testsuite hostname="EPHUBUDW0557" name="Lambda.Lambda.TestEnglish" tests="1" failures="0" timestamp="12 May 2016 08:37:18 GMT" time="2.410" errors="0">
  <testcase name="testEnglishSpeakingCountries" time="2.410" classname="Lambda.Lambda.TestEnglish"/>
</testsuite> <!-- Lambda.Lambda.TestEnglish -->
